This file contains any messages produced by compilers while
running configure, to aid debugging if configure makes a mistake.

It was created by azucar configure 0.1, which was
generated by GNU Autoconf 2.67.  Invocation command line was

  $ ./configure 

## --------- ##
## Platform. ##
## --------- ##

hostname = fanelia
uname -m = i686
uname -r = 2.6.32-5-686
uname -s = Linux
uname -v = #1 SMP Fri Sep 9 20:51:05 UTC 2011

/usr/bin/uname -p = unknown
/bin/uname -X     = unknown

/bin/arch              = unknown
/usr/bin/arch -k       = unknown
/usr/convex/getsysinfo = unknown
/usr/bin/hostinfo      = unknown
/bin/machine           = unknown
/usr/bin/oslevel       = unknown
/bin/universe          = unknown

PATH: /usr/local/bin
PATH: /usr/bin
PATH: /bin
PATH: /usr/local/games
PATH: /usr/games


## ----------- ##
## Core tests. ##
## ----------- ##

configure:1732: checking for a BSD-compatible install
configure:1800: result: /usr/bin/install -c
configure:1811: checking whether build environment is sane
configure:1861: result: yes
configure:2002: checking for a thread-safe mkdir -p
configure:2041: result: /bin/mkdir -p
configure:2054: checking for gawk
configure:2084: result: no
configure:2054: checking for mawk
configure:2070: found /usr/bin/mawk
configure:2081: result: mawk
configure:2092: checking whether make sets $(MAKE)
configure:2114: result: yes
configure:2197: checking whether to enable maintainer-specific portions of Makefiles
configure:2206: result: no
configure:2230: checking for python
configure:2248: found /usr/bin/python
configure:2260: result: /usr/bin/python
configure:2281: checking for python version
configure:2288: result: 2.6
configure:2300: checking for python platform
configure:2307: result: linux2
configure:2314: checking for python script directory
configure:2343: result: ${prefix}/lib/python2.6/dist-packages
configure:2352: checking for python extension module directory
configure:2381: result: ${exec_prefix}/lib/python2.6/dist-packages
configure:2511: creating ./config.status

## ---------------------- ##
## Running config.status. ##
## ---------------------- ##

This file was extended by azucar config.status 0.1, which was
generated by GNU Autoconf 2.67.  Invocation command line was

  CONFIG_FILES    = 
  CONFIG_HEADERS  = 
  CONFIG_LINKS    = 
  CONFIG_COMMANDS = 
  $ ./config.status 

on fanelia

config.status:827: creating Makefile
config.status:827: creating src/Makefile
config.status:827: creating config.h
config.status:1007: config.h is unchanged

## ---------------- ##
## Cache variables. ##
## ---------------- ##

ac_cv_env_build_alias_set=
ac_cv_env_build_alias_value=
ac_cv_env_host_alias_set=
ac_cv_env_host_alias_value=
ac_cv_env_target_alias_set=
ac_cv_env_target_alias_value=
ac_cv_path_PYTHON=/usr/bin/python
ac_cv_path_install='/usr/bin/install -c'
ac_cv_path_mkdir=/bin/mkdir
ac_cv_prog_AWK=mawk
ac_cv_prog_make_make_set=yes
am_cv_python_platform=linux2
am_cv_python_pyexecdir='${exec_prefix}/lib/python2.6/dist-packages'
am_cv_python_pythondir='${prefix}/lib/python2.6/dist-packages'
am_cv_python_version=2.6

## ----------------- ##
## Output variables. ##
## ----------------- ##

ACLOCAL='${SHELL} /home/lesthack/anjuta/azucar/missing --run aclocal-1.11'
AMTAR='${SHELL} /home/lesthack/anjuta/azucar/missing --run tar'
AUTOCONF='${SHELL} /home/lesthack/anjuta/azucar/missing --run autoconf'
AUTOHEADER='${SHELL} /home/lesthack/anjuta/azucar/missing --run autoheader'
AUTOMAKE='${SHELL} /home/lesthack/anjuta/azucar/missing --run automake-1.11'
AWK='mawk'
CYGPATH_W='echo'
DEFS='-DHAVE_CONFIG_H'
ECHO_C=''
ECHO_N='-n'
ECHO_T=''
INSTALL_DATA='${INSTALL} -m 644'
INSTALL_PROGRAM='${INSTALL}'
INSTALL_SCRIPT='${INSTALL}'
INSTALL_STRIP_PROGRAM='$(install_sh) -c -s'
LIBOBJS=''
LIBS=''
LTLIBOBJS=''
MAINT='#'
MAINTAINER_MODE_FALSE=''
MAINTAINER_MODE_TRUE='#'
MAKEINFO='${SHELL} /home/lesthack/anjuta/azucar/missing --run makeinfo'
MKDIR_P='/bin/mkdir -p'
PACKAGE='azucar'
PACKAGE_BUGREPORT=''
PACKAGE_NAME='azucar'
PACKAGE_STRING='azucar 0.1'
PACKAGE_TARNAME='azucar'
PACKAGE_URL=''
PACKAGE_VERSION='0.1'
PATH_SEPARATOR=':'
PYTHON='/usr/bin/python'
PYTHON_EXEC_PREFIX='${exec_prefix}'
PYTHON_PLATFORM='linux2'
PYTHON_PREFIX='${prefix}'
PYTHON_VERSION='2.6'
SET_MAKE=''
SHELL='/bin/bash'
STRIP=''
VERSION='0.1'
am__isrc=''
am__leading_dot='.'
am__tar='${AMTAR} chof - "$$tardir"'
am__untar='${AMTAR} xf -'
bindir='${exec_prefix}/bin'
build_alias=''
datadir='${datarootdir}'
datarootdir='${prefix}/share'
docdir='${datarootdir}/doc/${PACKAGE_TARNAME}'
dvidir='${docdir}'
exec_prefix='${prefix}'
host_alias=''
htmldir='${docdir}'
includedir='${prefix}/include'
infodir='${datarootdir}/info'
install_sh='${SHELL} /home/lesthack/anjuta/azucar/install-sh'
libdir='${exec_prefix}/lib'
libexecdir='${exec_prefix}/libexec'
localedir='${datarootdir}/locale'
localstatedir='${prefix}/var'
mandir='${datarootdir}/man'
mkdir_p='/bin/mkdir -p'
oldincludedir='/usr/include'
pdfdir='${docdir}'
pkgpyexecdir='${pyexecdir}/azucar'
pkgpythondir='${pythondir}/azucar'
prefix='/usr/local'
program_transform_name='s,x,x,'
psdir='${docdir}'
pyexecdir='${exec_prefix}/lib/python2.6/dist-packages'
pythondir='${prefix}/lib/python2.6/dist-packages'
sbindir='${exec_prefix}/sbin'
sharedstatedir='${prefix}/com'
sysconfdir='${prefix}/etc'
target_alias=''

## ----------- ##
## confdefs.h. ##
## ----------- ##

/* confdefs.h */
#define PACKAGE_NAME "azucar"
#define PACKAGE_TARNAME "azucar"
#define PACKAGE_VERSION "0.1"
#define PACKAGE_STRING "azucar 0.1"
#define PACKAGE_BUGREPORT ""
#define PACKAGE_URL ""
#define PACKAGE "azucar"
#define VERSION "0.1"

configure: exit 0
